Case #1: 9 3
Case #2: 8 3
Case #3: 6 2
Case #4: 8 3
Case #5: 10 4
Case #6: 5 2
Case #7: 0 0
Case #8: 9 2
Case #9: 10 7
Case #10: 0 0
Case #11: 8 1
Case #12: 9 3
Case #13: 1 0
Case #14: 1 1
Case #15: 0 0
Case #16: 8 8
Case #17: 7 2
Case #18: 6 1
Case #19: 5 5
Case #20: 0 0
Case #21: 5 3
Case #22: 6 2
Case #23: 7 1
Case #24: 1 0
Case #25: 2 2
Case #26: 10 10
Case #27: 0 0
Case #28: 5 1
Case #29: 10 10
Case #30: 7 4
Case #31: 10 3
Case #32: 7 2
Case #33: 9 4
Case #34: 10 10
Case #35: 10 10
Case #36: 5 2
Case #37: 0 0
Case #38: 7 5
Case #39: 8 8
Case #40: 1 1
Case #41: 7 3
Case #42: 0 0
Case #43: 4 1
Case #44: 7 1
Case #45: 0 0
Case #46: 3 2
Case #47: 7 4
Case #48: 8 1
Case #49: 1 0
Case #50: 10 10
